[18:21:45] [main/INFO]: Loading Minecraft 1.16.5 with Fabric Loader 0.16.0
[18:21:45] [main/INFO]: Loading 4 mods:
	- fabricloader 0.16.0
	   \-- mixinextras 0.4.0
	- java 21
	- minecraft 1.16.5
[18:21:45] [main/INFO]: SpongePowered MIXIN Subsystem Version=0.8.7 Source=file:/workspaces/gitcraft/libraries/net/fabricmc/sponge-mixin/0.15.0+mixin.0.8.7/sponge-mixin-0.15.0+mixin.0.8.7.jar Service=Knot/Fabric Env=SERVER
[18:21:49] [main/INFO]: Environment: authHost='https://authserver.mojang.com', accountsHost='https://api.mojang.com', sessionHost='https://sessionserver.mojang.com', servicesHost='https://api.minecraftservices.com', name='PROD'
[18:21:50] [main/WARN]: Ambiguity between arguments [teleport, destination] and [teleport, targets] with inputs: [Player, 0123, @e, dd12be42-52a9-4a91-a8a1-11c01849e498]
[18:21:50] [main/WARN]: Ambiguity between arguments [teleport, location] and [teleport, destination] with inputs: [0.1 -0.5 .9, 0 0 0]
[18:21:50] [main/WARN]: Ambiguity between arguments [teleport, location] and [teleport, targets] with inputs: [0.1 -0.5 .9, 0 0 0]
[18:21:50] [main/WARN]: Ambiguity between arguments [teleport, targets] and [teleport, destination] with inputs: [Player, 0123, dd12be42-52a9-4a91-a8a1-11c01849e498]
[18:21:50] [main/WARN]: Ambiguity between arguments [teleport, targets, location] and [teleport, targets, destination] with inputs: [0.1 -0.5 .9, 0 0 0]
[18:21:50] [main/INFO]: Reloading ResourceManager: Default
[18:21:51] [Worker-Main-4/INFO]: Loaded 7 recipes
[18:21:51] [Worker-Main-4/INFO]: Loaded 927 advancements
[18:21:53] [Server thread/INFO]: Starting minecraft server version 1.16.5
[18:21:53] [Server thread/INFO]: Loading properties
[18:21:53] [Server thread/INFO]: Default game type: SURVIVAL
[18:21:53] [Server thread/INFO]: Generating keypair
[18:21:53] [Server thread/INFO]: Starting Minecraft server on *:25565
[18:21:54] [Server thread/INFO]: Using epoll channel type
[18:21:54] [Server thread/WARN]: **** SERVER IS RUNNING IN OFFLINE/INSECURE MODE!
[18:21:54] [Server thread/WARN]: The server will make no attempt to authenticate usernames. Beware.
[18:21:54] [Server thread/WARN]: While this makes the game possible to play without internet access, it also opens up the ability for hackers to connect with any username they choose.
[18:21:54] [Server thread/WARN]: To change this, set "online-mode" to "true" in the server.properties file.
[18:21:54] [Server thread/INFO]: Preparing level "world"
[18:21:54] [Server thread/INFO]: Preparing start region for dimension minecraft:overworld
[18:21:55] [Server thread/INFO]: Preparing spawn area: 0%
[18:21:55] [Server thread/INFO]: Preparing spawn area: 0%
[18:21:55] [Server thread/INFO]: Preparing spawn area: 0%
[18:21:55] [Server thread/INFO]: Preparing spawn area: 0%
[18:21:56] [Server thread/INFO]: Time elapsed: 2115 ms
[18:21:56] [Server thread/INFO]: Done (2.260s)! For help, type "help"
[18:22:12] [Server thread/INFO]: Kenius22[/127.10.23.253:59685] logged in with entity id 221 at (26.072900424224436, 82.74651299918851, 215.3604930493549)
[18:22:12] [Server thread/INFO]: Kenius22 joined the game
[18:22:14] [Server thread/INFO]: WarmGlow[/127.198.153.38:39027] logged in with entity id 233 at (70.4328694439292, 79.61857202368209, 193.93267161861414)
[18:22:14] [Server thread/INFO]: WarmGlow joined the game
[18:22:29] [Server thread/INFO]: WarmGlow lost connection: Timed out
[18:22:29] [Server thread/INFO]: WarmGlow left the game
[18:22:35] [Server thread/INFO]: WarmGlow[/127.198.153.38:52611] logged in with entity id 295 at (70.4328694439292, 79.61857202368209, 193.93267161861414)
[18:22:35] [Server thread/INFO]: WarmGlow joined the game
[18:23:40] [Server thread/INFO]: [WarmGlow: Teleported WarmGlow to Kenius22]
[18:24:37] [Server thread/INFO]: <WarmGlow> ntla9aou f safa?
[18:24:52] [Server thread/INFO]: <Kenius22> ???
[18:25:16] [Server thread/INFO]: [WarmGlow: Set the time to 13000]
